#
# A fatal error has been detected by the Java Runtime Environment:
#
#  EXCEPTION_ACCESS_VIOLATION (0xc0000005) at pc=0x000000006e89f2d5, pid=16668, tid=0x000000000000595c
#
# JRE version: Java(TM) SE Runtime Environment (8.0_181-b13) (build 1.8.0_181-b13)
# Java VM: Java HotSpot(TM) 64-Bit Server VM (25.181-b13 mixed mode windows-amd64 compressed oops)
# Problematic frame:
# V  [jvm.dll+0xff2d5]
#
# Failed to write core dump. Minidumps are not enabled by default on client versions of Windows
#
# If you would like to submit a bug report, please visit:
#   http://bugreport.java.com/bugreport/crash.jsp
#

---------------  T H R E A D  ---------------

Current thread (0x0000000017547800):  VMThread [stack: 0x00000000185f0000,0x00000000186f0000] [id=22876]

siginfo: ExceptionCode=0xc0000005, reading address 0x0000000000000008

Registers:
RAX=0x0000000000000000, RBX=0x000000001712e470, RCX=0x0000000000000000, RDX=0x0000000000000000
RSP=0x00000000186ef0e0, RBP=0x000000000000000b, RSI=0x000000006efb2e00, RDI=0x00000000186ef3c0
R8 =0x0000000000000000, R9 =0x000000001712e470, R10=0x000000000000ca2a, R11=0x000000001712f5eb
R12=0x0000000000000001, R13=0x0000000000000001, R14=0x00000000000003d8, R15=0x00000000186ef1e0
RIP=0x000000006e89f2d5, EFLAGS=0x0000000000010202

Top of Stack: (sp=0x00000000186ef0e0)
0x00000000186ef0e0:   0000000002cbf7c8 0000000002e908da
0x00000000186ef0f0:   0000000002e90790 0000000000000000
0x00000000186ef100:   000000004fffffff 000000006e89f756
0x00000000186ef110:   0000000046000008 0000000017547800
0x00000000186ef120:   0000193d2dd23f7d 000000006e89f8d2
0x00000000186ef130:   00000000186ef1f0 0000000000000001
0x00000000186ef140:   00000000186ef200 00000000186ef3c0
0x00000000186ef150:   00000000186ef230 000000006e8a2500
0x00000000186ef160:   000000000000000b 000000000000000b
0x00000000186ef170:   000000000000004d 000000006e89f756
0x00000000186ef180:   000000000000000b 00000000186ef230
0x00000000186ef190:   00000000186ef1f0 000000000000004d
0x00000000186ef1a0:   000000001712f658 000000006e8a305f
0x00000000186ef1b0:   00000000186ef3c0 00000000186ef230
0x00000000186ef1c0:   00000000174554b0 000000001712f658
0x00000000186ef1d0:   0000000000000001 0000000000000000 

Instructions: (pc=0x000000006e89f2d5)
0x000000006e89f2b5:   8b d2 e8 34 7f ff ff 48 8b cb 8b d0 e8 3a 78 ff
0x000000006e89f2c5:   ff 48 8d 35 33 3b 71 00 48 63 c8 48 8b 44 cb 50
0x000000006e89f2d5:   0f b6 48 08 8b 05 05 3b 71 00 80 f9 4c 74 2b 80
0x000000006e89f2e5:   f9 5b 74 26 80 f9 4a 74 18 80 f9 44 74 13 48 8d 


Register to memory mapping:

RAX=0x0000000000000000 is an unknown value
RBX=0x000000001712e470 is pointing into metadata
RCX=0x0000000000000000 is an unknown value
RDX=0x0000000000000000 is an unknown value
RSP=0x00000000186ef0e0 is an unknown value
RBP=0x000000000000000b is an unknown value
RSI=0x000000006efb2e00 is an unknown value
RDI=0x00000000186ef3c0 is an unknown value
R8 =0x0000000000000000 is an unknown value
R9 =0x000000001712e470 is pointing into metadata
R10=0x000000000000ca2a is an unknown value
R11=0x000000001712f5eb is pointing into metadata
R12=0x0000000000000001 is an unknown value
R13=0x0000000000000001 is an unknown value
R14=0x00000000000003d8 is an unknown value
R15=0x00000000186ef1e0 is an unknown value


Stack: [0x00000000185f0000,0x00000000186f0000],  sp=0x00000000186ef0e0,  free space=1020k
Native frames: (J=compiled Java code, j=interpreted, Vv=VM code, C=native code)
V  [jvm.dll+0xff2d5]
V  [jvm.dll+0x102500]
V  [jvm.dll+0x10305f]
V  [jvm.dll+0x1038a5]
V  [jvm.dll+0x103af2]
V  [jvm.dll+0xc50be]
V  [jvm.dll+0xc5748]
V  [jvm.dll+0xc587a]
V  [jvm.dll+0xc5a78]
V  [jvm.dll+0x10f94a]
V  [jvm.dll+0x12d22f]
V  [jvm.dll+0x1bf3df]
V  [jvm.dll+0x24cc27]
V  [jvm.dll+0x24bec6]
V  [jvm.dll+0x24c361]
V  [jvm.dll+0x24c57e]
V  [jvm.dll+0x29e64a]
C  [msvcr100.dll+0x21d9f]
C  [msvcr100.dll+0x21e3b]
C  [KERNEL32.DLL+0x14034]
C  [ntdll.dll+0x73691]

VM_Operation (0x000000001901f570): GetOrSetLocal, mode: safepoint, requested by thread 0x0000000017590000


---------------  P R O C E S S  ---------------

Java Threads: ( => current thread )
  0x000000001b390800 JavaThread "pool-16-thread-1" [_thread_blocked, id=22208, stack(0x000000001ecc0000,0x000000001edc0000)]
  0x000000001b38f000 JavaThread "pool-11-thread-1" [_thread_blocked, id=20628, stack(0x000000001e7c0000,0x000000001e8c0000)]
  0x000000001b38c800 JavaThread "pool-10-thread-1" [_thread_blocked, id=11924, stack(0x000000001e6c0000,0x000000001e7c0000)]
  0x000000001b38a800 JavaThread "pool-9-thread-1" [_thread_blocked, id=7660, stack(0x000000001e5c0000,0x000000001e6c0000)]
  0x000000001b38c000 JavaThread "pool-8-thread-1" [_thread_blocked, id=9764, stack(0x000000001e4c0000,0x000000001e5c0000)]
  0x000000001b38d800 JavaThread "pool-7-thread-1" [_thread_blocked, id=17292, stack(0x000000001e3c0000,0x000000001e4c0000)]
  0x000000001b38e000 JavaThread "pool-6-thread-1" [_thread_blocked, id=9664, stack(0x000000001e2c0000,0x000000001e3c0000)]
  0x000000001adfc000 JavaThread "pool-1-thread-1" [_thread_blocked, id=15724, stack(0x000000001dbc0000,0x000000001dcc0000)]
  0x0000000019e63000 JavaThread "Exec Stream Pumper" daemon [_thread_in_native, id=24464, stack(0x000000001d9c0000,0x000000001dac0000)]
  0x000000001b365000 JavaThread "Exec Stream Pumper" daemon [_thread_in_native, id=1268, stack(0x000000001d8c0000,0x000000001d9c0000)]
  0x000000001b18c800 JavaThread "Exec Default Executor" daemon [_thread_in_native, id=26816, stack(0x000000001c5b0000,0x000000001c6b0000)]
  0x000000001a874000 JavaThread "Exec Stream Pumper" daemon [_thread_in_native, id=9532, stack(0x000000001c3b0000,0x000000001c4b0000)]
  0x000000001a873000 JavaThread "Exec Stream Pumper" daemon [_thread_in_native, id=13124, stack(0x000000001c2b0000,0x000000001c3b0000)]
  0x000000001b16d000 JavaThread "Exec Default Executor" daemon [_thread_in_native, id=2000, stack(0x000000001beb0000,0x000000001bfb0000)]
  0x0000000019eeb800 JavaThread "ReaderThread" [_thread_in_native, id=12008, stack(0x000000001a520000,0x000000001a620000)]
  0x0000000019529800 JavaThread "Service Thread" daemon [_thread_blocked, id=20932, stack(0x0000000019920000,0x0000000019a20000)]
  0x00000000175b1800 JavaThread "C1 CompilerThread2" daemon [_thread_blocked, id=7852, stack(0x0000000019420000,0x0000000019520000)]
  0x00000000175ae800 JavaThread "C2 CompilerThread1" daemon [_thread_blocked, id=3696, stack(0x0000000019320000,0x0000000019420000)]
  0x00000000175ad000 JavaThread "C2 CompilerThread0" daemon [_thread_blocked, id=19444, stack(0x0000000019220000,0x0000000019320000)]
  0x00000000175a0000 JavaThread "JDWP Command Reader" daemon [_thread_in_native, id=10876, stack(0x0000000019120000,0x0000000019220000)]
  0x000000001759c800 JavaThread "JDWP Event Helper Thread" daemon [_thread_blocked, id=8308, stack(0x0000000019020000,0x0000000019120000)]
  0x0000000017590000 JavaThread "JDWP Transport Listener: dt_socket" daemon [_thread_blocked, id=5564, stack(0x0000000018f20000,0x0000000019020000)]
  0x0000000017584000 JavaThread "Attach Listener" daemon [_thread_blocked, id=19556, stack(0x0000000018ae0000,0x0000000018be0000)]
  0x0000000017581000 JavaThread "Signal Dispatcher" daemon [_thread_blocked, id=24624, stack(0x00000000189e0000,0x0000000018ae0000)]
  0x0000000017570000 JavaThread "Finalizer" daemon [_thread_blocked, id=17528, stack(0x00000000187f0000,0x00000000188f0000)]
  0x0000000002e86000 JavaThread "Reference Handler" daemon [_thread_blocked, id=25268, stack(0x00000000186f0000,0x00000000187f0000)]
  0x0000000002d95800 JavaThread "main" [_thread_blocked, id=18348, stack(0x0000000002bc0000,0x0000000002cc0000)]

Other Threads:
=>0x0000000017547800 VMThread [stack: 0x00000000185f0000,0x00000000186f0000] [id=22876]
  0x000000001958f000 WatcherThread [stack: 0x0000000019a20000,0x0000000019b20000] [id=21952]

VM state:at safepoint (normal execution)

VM Mutex/Monitor currently owned by a thread:  ([mutex/lock_event])
[0x0000000002d92a50] Threads_lock - owner thread: 0x0000000017547800

Heap:
 PSYoungGen      total 35840K, used 17251K [0x00000000d8500000, 0x00000000dcb00000, 0x0000000100000000)
  eden space 30720K, 56% used [0x00000000d8500000,0x00000000d95d8fe0,0x00000000da300000)
  from space 5120K, 0% used [0x00000000da800000,0x00000000da800000,0x00000000dad00000)
  to   space 5120K, 0% used [0x00000000da300000,0x00000000da300000,0x00000000da800000)
 ParOldGen       total 50176K, used 5959K [0x0000000088e00000, 0x000000008bf00000, 0x00000000d8500000)
  object space 50176K, 11% used [0x0000000088e00000,0x00000000893d1e38,0x000000008bf00000)
 Metaspace       used 22436K, capacity 22748K, committed 22960K, reserved 1069056K
  class space    used 2676K, capacity 2810K, committed 2816K, reserved 1048576K

Card table byte_map: [0x0000000012250000,0x0000000012610000] byte_map_base: 0x0000000011e09000

Marking Bits: (ParMarkBitMap*) 0x000000006efc2d00
 Begin Bits: [0x0000000012c90000, 0x0000000014a58000)
 End Bits:   [0x0000000014a58000, 0x0000000016820000)

Polling page: 0x0000000002ae0000

CodeCache: size=245760Kb used=6225Kb max_used=6723Kb free=239534Kb
 bounds [0x0000000002e90000, 0x0000000003530000, 0x0000000011e90000]
 total_blobs=2327 nmethods=1889 adapters=358
 compilation: enabled

Compilation events (10 events):
Event: 92.156 Thread 0x00000000175b1800 2071       3       com.google.common.collect.AbstractListMultimap::<init> (6 bytes)
Event: 92.156 Thread 0x00000000175b1800 nmethod 2071 0x0000000002faabd0 code [0x0000000002faad80, 0x0000000002fab238]
Event: 92.156 Thread 0x00000000175b1800 2067   !   3       org.apache.http.impl.execchain.ConnectionHolder::releaseConnection (176 bytes)
Event: 92.158 Thread 0x00000000175b1800 nmethod 2067 0x0000000003001250 code [0x00000000030014a0, 0x00000000030020e8]
Event: 92.158 Thread 0x00000000175b1800 2073       3       org.apache.http.impl.conn.CPoolEntry::isClosed (23 bytes)
Event: 92.158 Thread 0x00000000175b1800 nmethod 2073 0x00000000031f7750 code [0x00000000031f78c0, 0x00000000031f7cc8]
Event: 92.158 Thread 0x00000000175b1800 2072       3       java.util.LinkedList$ListItr::next (56 bytes)
Event: 92.159 Thread 0x00000000175b1800 nmethod 2072 0x0000000002ffdb90 code [0x0000000002ffdd40, 0x0000000002ffe298]
Event: 92.177 Thread 0x00000000175ae800 2074       4       com.google.common.base.CharMatcher$AnyOf::matches (17 bytes)
Event: 92.179 Thread 0x00000000175ae800 nmethod 2074 0x0000000003204310 code [0x0000000003204460, 0x0000000003204598]

GC Heap History (10 events):
Event: 1.749 GC heap before
{Heap before GC invocations=1 (full 0):
 PSYoungGen      total 35840K, used 30720K [0x00000000d8500000, 0x00000000dad00000, 0x0000000100000000)
  eden space 30720K, 100% used [0x00000000d8500000,0x00000000da300000,0x00000000da300000)
  from space 5120K, 0% used [0x00000000da800000,0x00000000da800000,0x00000000dad00000)
  to   space 5120K, 0% used [0x00000000da300000,0x00000000da300000,0x00000000da800000)
 ParOldGen       total 81920K, used 0K [0x0000000088e00000, 0x000000008de00000, 0x00000000d8500000)
  object space 81920K, 0% used [0x0000000088e00000,0x0000000088e00000,0x000000008de00000)
 Metaspace       used 10321K, capacity 10476K, committed 10752K, reserved 1058816K
  class space    used 1132K, capacity 1170K, committed 1280K, reserved 1048576K
Event: 1.755 GC heap after
Heap after GC invocations=1 (full 0):
 PSYoungGen      total 35840K, used 5107K [0x00000000d8500000, 0x00000000dad00000, 0x0000000100000000)
  eden space 30720K, 0% used [0x00000000d8500000,0x00000000d8500000,0x00000000da300000)
  from space 5120K, 99% used [0x00000000da300000,0x00000000da7fcd20,0x00000000da800000)
  to   space 5120K, 0% used [0x00000000da800000,0x00000000da800000,0x00000000dad00000)
 ParOldGen       total 81920K, used 326K [0x0000000088e00000, 0x000000008de00000, 0x00000000d8500000)
  object space 81920K, 0% used [0x0000000088e00000,0x0000000088e51aa0,0x000000008de00000)
 Metaspace       used 10321K, capacity 10476K, committed 10752K, reserved 1058816K
  class space    used 1132K, capacity 1170K, committed 1280K, reserved 1048576K
}
Event: 2.172 GC heap before
{Heap before GC invocations=2 (full 0):
 PSYoungGen      total 35840K, used 35827K [0x00000000d8500000, 0x00000000dad00000, 0x0000000100000000)
  eden space 30720K, 100% used [0x00000000d8500000,0x00000000da300000,0x00000000da300000)
  from space 5120K, 99% used [0x00000000da300000,0x00000000da7fcd20,0x00000000da800000)
  to   space 5120K, 0% used [0x00000000da800000,0x00000000da800000,0x00000000dad00000)
 ParOldGen       total 81920K, used 326K [0x0000000088e00000, 0x000000008de00000, 0x00000000d8500000)
  object space 81920K, 0% used [0x0000000088e00000,0x0000000088e51aa0,0x000000008de00000)
 Metaspace       used 14313K, capacity 14380K, committed 14464K, reserved 1062912K
  class space    used 1608K, capacity 1618K, committed 1664K, reserved 1048576K
Event: 2.178 GC heap after
Heap after GC invocations=2 (full 0):
 PSYoungGen      total 35840K, used 5090K [0x00000000d8500000, 0x00000000dad00000, 0x0000000100000000)
  eden space 30720K, 0% used [0x00000000d8500000,0x00000000d8500000,0x00000000da300000)
  from space 5120K, 99% used [0x00000000da800000,0x00000000dacf8a98,0x00000000dad00000)
  to   space 5120K, 0% used [0x00000000da300000,0x00000000da300000,0x00000000da800000)
 ParOldGen       total 81920K, used 1224K [0x0000000088e00000, 0x000000008de00000, 0x00000000d8500000)
  object space 81920K, 1% used [0x0000000088e00000,0x0000000088f32320,0x000000008de00000)
 Metaspace       used 14313K, capacity 14380K, committed 14464K, reserved 1062912K
  class space    used 1608K, capacity 1618K, committed 1664K, reserved 1048576K
}
Event: 3.749 GC heap before
{Heap before GC invocations=3 (full 0):
 PSYoungGen      total 35840K, used 35810K [0x00000000d8500000, 0x00000000dad00000, 0x0000000100000000)
  eden space 30720K, 100% used [0x00000000d8500000,0x00000000da300000,0x00000000da300000)
  from space 5120K, 99% used [0x00000000da800000,0x00000000dacf8a98,0x00000000dad00000)
  to   space 5120K, 0% used [0x00000000da300000,0x00000000da300000,0x00000000da800000)
 ParOldGen       total 81920K, used 1224K [0x0000000088e00000, 0x000000008de00000, 0x00000000d8500000)
  object space 81920K, 1% used [0x0000000088e00000,0x0000000088f32320,0x000000008de00000)
 Metaspace       used 20112K, capacity 20368K, committed 20480K, reserved 1067008K
  class space    used 2386K, capacity 2492K, committed 2560K, reserved 1048576K
Event: 3.758 GC heap after
Heap after GC invocations=3 (full 0):
 PSYoungGen      total 35840K, used 5088K [0x00000000d8500000, 0x00000000dad00000, 0x0000000100000000)
  eden space 30720K, 0% used [0x00000000d8500000,0x00000000d8500000,0x00000000da300000)
  from space 5120K, 99% used [0x00000000da300000,0x00000000da7f8040,0x00000000da800000)
  to   space 5120K, 0% used [0x00000000da800000,0x00000000da800000,0x00000000dad00000)
 ParOldGen       total 81920K, used 3529K [0x0000000088e00000, 0x000000008de00000, 0x00000000d8500000)
  object space 81920K, 4% used [0x0000000088e00000,0x00000000891727d0,0x000000008de00000)
 Metaspace       used 20112K, capacity 20368K, committed 20480K, reserved 1067008K
  class space    used 2386K, capacity 2492K, committed 2560K, reserved 1048576K
}
Event: 3.885 GC heap before
{Heap before GC invocations=4 (full 0):
 PSYoungGen      total 35840K, used 11106K [0x00000000d8500000, 0x00000000dad00000, 0x0000000100000000)
  eden space 30720K, 19% used [0x00000000d8500000,0x00000000d8ae0a28,0x00000000da300000)
  from space 5120K, 99% used [0x00000000da300000,0x00000000da7f8040,0x00000000da800000)
  to   space 5120K, 0% used [0x00000000da800000,0x00000000da800000,0x00000000dad00000)
 ParOldGen       total 81920K, used 3529K [0x0000000088e00000, 0x000000008de00000, 0x00000000d8500000)
  object space 81920K, 4% used [0x0000000088e00000,0x00000000891727d0,0x000000008de00000)
 Metaspace       used 20909K, capacity 21200K, committed 21296K, reserved 1069056K
  class space    used 2525K, capacity 2684K, committed 2688K, reserved 1048576K
Event: 3.892 GC heap after
Heap after GC invocations=4 (full 0):
 PSYoungGen      total 35840K, used 5088K [0x00000000d8500000, 0x00000000dcb00000, 0x0000000100000000)
  eden space 30720K, 0% used [0x00000000d8500000,0x00000000d8500000,0x00000000da300000)
  from space 5120K, 99% used [0x00000000da800000,0x00000000dacf8060,0x00000000dad00000)
  to   space 5120K, 0% used [0x00000000da300000,0x00000000da300000,0x00000000da800000)
 ParOldGen       total 81920K, used 4277K [0x0000000088e00000, 0x000000008de00000, 0x00000000d8500000)
  object space 81920K, 5% used [0x0000000088e00000,0x000000008922d748,0x000000008de00000)
 Metaspace       used 20909K, capacity 21200K, committed 21296K, reserved 1069056K
  class space    used 2525K, capacity 2684K, committed 2688K, reserved 1048576K
}
Event: 3.892 GC heap before
{Heap before GC invocations=5 (full 1):
 PSYoungGen      total 35840K, used 5088K [0x00000000d8500000, 0x00000000dcb00000, 0x0000000100000000)
  eden space 30720K, 0% used [0x00000000d8500000,0x00000000d8500000,0x00000000da300000)
  from space 5120K, 99% used [0x00000000da800000,0x00000000dacf8060,0x00000000dad00000)
  to   space 5120K, 0% used [0x00000000da300000,0x00000000da300000,0x00000000da800000)
 ParOldGen       total 81920K, used 4277K [0x0000000088e00000, 0x000000008de00000, 0x00000000d8500000)
  object space 81920K, 5% used [0x0000000088e00000,0x000000008922d748,0x000000008de00000)
 Metaspace       used 20909K, capacity 21200K, committed 21296K, reserved 1069056K
  class space    used 2525K, capacity 2684K, committed 2688K, reserved 1048576K
Event: 3.930 GC heap after
Heap after GC invocations=5 (full 1):
 PSYoungGen      total 35840K, used 0K [0x00000000d8500000, 0x00000000dcb00000, 0x0000000100000000)
  eden space 30720K, 0% used [0x00000000d8500000,0x00000000d8500000,0x00000000da300000)
  from space 5120K, 0% used [0x00000000da800000,0x00000000da800000,0x00000000dad00000)
  to   space 5120K, 0% used [0x00000000da300000,0x00000000da300000,0x00000000da800000)
 ParOldGen       total 50176K, used 5959K [0x0000000088e00000, 0x000000008bf00000, 0x00000000d8500000)
  object space 50176K, 11% used [0x0000000088e00000,0x00000000893d1e38,0x000000008bf00000)
 Metaspace       used 20909K, capacity 21200K, committed 21296K, reserved 1069056K
  class space    used 2525K, capacity 2684K, committed 2688K, reserved 1048576K
}

Deoptimization events (10 events):
Event: 3.715 Thread 0x0000000002d95800 Uncommon trap: reason=class_check action=maybe_recompile pc=0x00000000032429ec method=java.util.regex.Pattern$Curly.match(Ljava/util/regex/Matcher;ILjava/lang/CharSequence;)Z @ 19
Event: 3.715 Thread 0x0000000002d95800 Uncommon trap: reason=class_check action=maybe_recompile pc=0x000000000330ff00 method=java.util.regex.Matcher.search(I)Z @ 86
Event: 3.716 Thread 0x0000000002d95800 Uncommon trap: reason=class_check action=maybe_recompile pc=0x000000000330ff00 method=java.util.regex.Matcher.search(I)Z @ 86
Event: 3.716 Thread 0x0000000002d95800 Uncommon trap: reason=class_check action=maybe_recompile pc=0x00000000032429ec method=java.util.regex.Pattern$Curly.match(Ljava/util/regex/Matcher;ILjava/lang/CharSequence;)Z @ 19
Event: 3.718 Thread 0x0000000002d95800 Uncommon trap: reason=class_check action=maybe_recompile pc=0x00000000032429ec method=java.util.regex.Pattern$Curly.match(Ljava/util/regex/Matcher;ILjava/lang/CharSequence;)Z @ 19
Event: 3.719 Thread 0x0000000002d95800 Uncommon trap: reason=class_check action=maybe_recompile pc=0x00000000032429ec method=java.util.regex.Pattern$Curly.match(Ljava/util/regex/Matcher;ILjava/lang/CharSequence;)Z @ 19
Event: 3.829 Thread 0x0000000002d95800 Uncommon trap: reason=unstable_if action=reinterpret pc=0x000000000321f3f0 method=java.util.regex.Pattern$BmpCharProperty.match(Ljava/util/regex/Matcher;ILjava/lang/CharSequence;)Z @ 34
Event: 3.955 Thread 0x0000000002d95800 Uncommon trap: reason=unstable_if action=reinterpret pc=0x000000000333cfe8 method=java.util.concurrent.ConcurrentHashMap.putVal(Ljava/lang/Object;Ljava/lang/Object;Z)Ljava/lang/Object; @ 181
Event: 6.048 Thread 0x0000000002d95800 Uncommon trap: reason=unstable_if action=reinterpret pc=0x000000000331f230 method=java.util.concurrent.ConcurrentHashMap.addCount(JI)V @ 121
Event: 70.327 Thread 0x0000000002d95800 Uncommon trap: reason=unstable_if action=reinterpret pc=0x000000000334a9ec method=java.util.concurrent.ConcurrentHashMap.get(Ljava/lang/Object;)Ljava/lang/Object; @ 76

Classes redefined (2 events):
Event: 1506.466 Thread 0x0000000017547800 redefined class name=testScriptsRegression.Assignment_Regression, count=1
Event: 1578.280 Thread 0x0000000017547800 redefined class name=testScriptsRegression.Assignment_Regression, count=2

Internal exceptions (10 events):
Event: 88.967 Thread 0x000000001b38f800 Exception <a 'java/net/SocketTimeoutException': Read timed out> (0x00000000d93fc6a8) thrown at [C:\re\workspace\8-2-build-windows-amd64-cygwin\jdk8u181\11358\hotspot\src\share\vm\prims\jni.cpp, line 735]
Event: 90.021 Thread 0x000000001b38b000 Exception <a 'java/net/SocketTimeoutException': Read timed out> (0x00000000d942fa18) thrown at [C:\re\workspace\8-2-build-windows-amd64-cygwin\jdk8u181\11358\hotspot\src\share\vm\prims\jni.cpp, line 735]
Event: 91.056 Thread 0x000000001b38f800 Exception <a 'java/net/SocketTimeoutException': Read timed out> (0x00000000d9462e50) thrown at [C:\re\workspace\8-2-build-windows-amd64-cygwin\jdk8u181\11358\hotspot\src\share\vm\prims\jni.cpp, line 735]
Event: 92.075 Thread 0x000000001b390800 Exception <a 'java/net/SocketTimeoutException': Read timed out> (0x00000000d952cd88) thrown at [C:\re\workspace\8-2-build-windows-amd64-cygwin\jdk8u181\11358\hotspot\src\share\vm\prims\jni.cpp, line 735]
Event: 92.089 Thread 0x0000000002d95800 Exception <a 'java/net/SocketTimeoutException': Read timed out> (0x00000000d94a9fb8) thrown at [C:\re\workspace\8-2-build-windows-amd64-cygwin\jdk8u181\11358\hotspot\src\share\vm\prims\jni.cpp, line 735]
Event: 92.109 Thread 0x0000000002d95800 Exception <a 'java/net/SocketTimeoutException': Read timed out> (0x00000000d94c4028) thrown at [C:\re\workspace\8-2-build-windows-amd64-cygwin\jdk8u181\11358\hotspot\src\share\vm\prims\jni.cpp, line 735]
Event: 92.128 Thread 0x000000001b390800 Exception <a 'java/net/SocketTimeoutException': Read timed out> (0x00000000d95602c8) thrown at [C:\re\workspace\8-2-build-windows-amd64-cygwin\jdk8u181\11358\hotspot\src\share\vm\prims\jni.cpp, line 735]
Event: 92.141 Thread 0x000000001b390800 Exception <a 'java/net/SocketTimeoutException': Read timed out> (0x00000000d956f1b0) thrown at [C:\re\workspace\8-2-build-windows-amd64-cygwin\jdk8u181\11358\hotspot\src\share\vm\prims\jni.cpp, line 735]
Event: 92.157 Thread 0x0000000002d95800 Exception <a 'java/net/SocketTimeoutException': Read timed out> (0x00000000d94de5b0) thrown at [C:\re\workspace\8-2-build-windows-amd64-cygwin\jdk8u181\11358\hotspot\src\share\vm\prims\jni.cpp, line 735]
Event: 92.168 Thread 0x0000000002d95800 Exception <a 'java/net/SocketTimeoutException': Read timed out> (0x00000000d94edc38) thrown at [C:\re\workspace\8-2-build-windows-amd64-cygwin\jdk8u181\11358\hotspot\src\share\vm\prims\jni.cpp, line 735]

Events (10 events):
Event: 1578.483 Executing VM operation: GetOrSetLocal done
Event: 1578.483 Executing VM operation: GetOrSetLocal
Event: 1578.483 Executing VM operation: GetOrSetLocal done
Event: 1578.484 Executing VM operation: GetOrSetLocal
Event: 1578.484 Executing VM operation: GetOrSetLocal done
Event: 1578.485 Executing VM operation: GetOrSetLocal
Event: 1578.485 Executing VM operation: GetOrSetLocal done
Event: 1578.486 Executing VM operation: GetOrSetLocal
Event: 1578.486 Executing VM operation: GetOrSetLocal done
Event: 1581.574 Executing VM operation: GetOrSetLocal


Dynamic libraries:
0x00007ff7187b0000 - 0x00007ff7187e7000 	C:\Program Files\Java\jdk1.8.0_181\bin\javaw.exe
0x00007ffa083b0000 - 0x00007ffa08591000 	C:\Windows\SYSTEM32\ntdll.dll
0x00007ffa082c0000 - 0x00007ffa08371000 	C:\Windows\System32\KERNEL32.DLL
0x00007ffa05500000 - 0x00007ffa05773000 	C:\Windows\System32\KERNELBASE.dll
0x00007ffa07730000 - 0x00007ffa077d1000 	C:\Windows\System32\ADVAPI32.dll
0x00007ffa075e0000 - 0x00007ffa0767e000 	C:\Windows\System32\msvcrt.dll
0x00007ffa05ee0000 - 0x00007ffa05f3b000 	C:\Windows\System32\sechost.dll
0x00007ffa08190000 - 0x00007ffa082b4000 	C:\Windows\System32\RPCRT4.dll
0x00007ffa05c70000 - 0x00007ffa05e00000 	C:\Windows\System32\USER32.dll
0x00007ffa04a10000 - 0x00007ffa04a30000 	C:\Windows\System32\win32u.dll
0x00007ffa05e00000 - 0x00007ffa05e28000 	C:\Windows\System32\GDI32.dll
0x00007ffa04870000 - 0x00007ffa04a01000 	C:\Windows\System32\gdi32full.dll
0x00007ffa04a30000 - 0x00007ffa04acf000 	C:\Windows\System32\msvcp_win.dll
0x00007ffa04770000 - 0x00007ffa04868000 	C:\Windows\System32\ucrtbase.dll
0x00007ff9eefb0000 - 0x00007ff9ef219000 	C:\Windows\WinSxS\amd64_microsoft.windows.common-controls_6595b64144ccf1df_6.0.17134.1365_none_d401d10f7c8e8b9b\COMCTL32.dll
0x00007ffa078b0000 - 0x00007ffa07bd1000 	C:\Windows\System32\combase.dll
0x00007ffa04b80000 - 0x00007ffa04bf9000 	C:\Windows\System32\bcryptPrimitives.dll
0x00007ffa074e0000 - 0x00007ffa0750d000 	C:\Windows\System32\IMM32.DLL
0x000000006f610000 - 0x000000006f6e2000 	C:\Program Files\Java\jdk1.8.0_181\jre\bin\msvcr100.dll
0x000000006e7a0000 - 0x000000006f042000 	C:\Program Files\Java\jdk1.8.0_181\jre\bin\server\jvm.dll
0x00007ffa05e30000 - 0x00007ffa05e38000 	C:\Windows\System32\PSAPI.DLL
0x00007ff9e7560000 - 0x00007ff9e7569000 	C:\Windows\SYSTEM32\WSOCK32.dll
0x00007ffa05f40000 - 0x00007ffa05fac000 	C:\Windows\System32\WS2_32.dll
0x00007ffa01440000 - 0x00007ffa01463000 	C:\Windows\SYSTEM32\WINMM.dll
0x00007ff9f4580000 - 0x00007ff9f458a000 	C:\Windows\SYSTEM32\VERSION.dll
0x00007ffa012c0000 - 0x00007ffa012ea000 	C:\Windows\SYSTEM32\WINMMBASE.dll
0x00007ffa057e0000 - 0x00007ffa05829000 	C:\Windows\System32\cfgmgr32.dll
0x000000006e6b0000 - 0x000000006e6bf000 	C:\Program Files\Java\jdk1.8.0_181\jre\bin\verify.dll
0x000000006e680000 - 0x000000006e6a9000 	C:\Program Files\Java\jdk1.8.0_181\jre\bin\java.dll
0x000000006f5d0000 - 0x000000006f605000 	C:\Program Files\Java\jdk1.8.0_181\jre\bin\jdwp.dll
0x000000006f5c0000 - 0x000000006f5c8000 	C:\Program Files\Java\jdk1.8.0_181\jre\bin\npt.dll
0x000000006e660000 - 0x000000006e676000 	C:\Program Files\Java\jdk1.8.0_181\jre\bin\zip.dll
0x00007ffa06090000 - 0x00007ffa074d5000 	C:\Windows\System32\SHELL32.dll
0x00007ffa07680000 - 0x00007ffa07729000 	C:\Windows\System32\shcore.dll
0x00007ffa04c00000 - 0x00007ffa05310000 	C:\Windows\System32\windows.storage.dll
0x00007ffa077e0000 - 0x00007ffa07831000 	C:\Windows\System32\shlwapi.dll
0x00007ffa046d0000 - 0x00007ffa046e1000 	C:\Windows\System32\kernel.appcore.dll
0x00007ffa046f0000 - 0x00007ffa0470f000 	C:\Windows\System32\profapi.dll
0x00007ffa04710000 - 0x00007ffa0475c000 	C:\Windows\System32\powrprof.dll
0x00007ffa04760000 - 0x00007ffa0476a000 	C:\Windows\System32\FLTLIB.DLL
0x000000006f5b0000 - 0x000000006f5b9000 	C:\Program Files\Java\jdk1.8.0_181\jre\bin\dt_socket.dll
0x00007ff9e2460000 - 0x00007ff9e2476000 	C:\Windows\system32\napinsp.dll
0x00007ff9e2480000 - 0x00007ff9e249a000 	C:\Windows\system32\pnrpnsp.dll
0x00007ffa00b40000 - 0x00007ffa00b59000 	C:\Windows\system32\NLAapi.dll
0x00007ffa03f30000 - 0x00007ffa03f96000 	C:\Windows\System32\mswsock.dll
0x00007ffa03cc0000 - 0x00007ffa03d7e000 	C:\Windows\SYSTEM32\DNSAPI.dll
0x00007ffa07840000 - 0x00007ffa07848000 	C:\Windows\System32\NSI.dll
0x00007ffa03c80000 - 0x00007ffa03cb8000 	C:\Windows\SYSTEM32\IPHLPAPI.DLL
0x00007ff9e2540000 - 0x00007ff9e254e000 	C:\Windows\System32\winrnr.dll
0x00007ff9fd2e0000 - 0x00007ff9fd2f5000 	C:\Windows\System32\wshbth.dll
0x00007ff9ff620000 - 0x00007ff9ff692000 	C:\Windows\System32\fwpuclnt.dll
0x00007ffa04210000 - 0x00007ffa04235000 	C:\Windows\SYSTEM32\bcrypt.dll
0x00007ff9f65d0000 - 0x00007ff9f65da000 	C:\Windows\System32\rasadhlp.dll
0x000000006e640000 - 0x000000006e65a000 	C:\Program Files\Java\jdk1.8.0_181\jre\bin\net.dll
0x00007ffa040e0000 - 0x00007ffa040f7000 	C:\Windows\SYSTEM32\CRYPTSP.dll
0x00007ffa03ae0000 - 0x00007ffa03b13000 	C:\Windows\system32\rsaenh.dll
0x00007ffa045b0000 - 0x00007ffa045d8000 	C:\Windows\SYSTEM32\USERENV.dll
0x00007ffa04100000 - 0x00007ffa0410b000 	C:\Windows\SYSTEM32\CRYPTBASE.dll
0x00007ff9fe6b0000 - 0x00007ff9fe6c6000 	C:\Windows\SYSTEM32\dhcpcsvc6.DLL
0x00007ff9fe4f0000 - 0x00007ff9fe50a000 	C:\Windows\SYSTEM32\dhcpcsvc.DLL
0x000000006e620000 - 0x000000006e631000 	C:\Program Files\Java\jdk1.8.0_181\jre\bin\nio.dll
0x000000006e5f0000 - 0x000000006e614000 	C:\Program Files\Java\jdk1.8.0_181\jre\bin\sunec.dll
0x00007ff9e9c90000 - 0x00007ff9e9e59000 	C:\Windows\SYSTEM32\dbghelp.dll

VM Arguments:
jvm_args: -agentlib:jdwp=transport=dt_socket,suspend=y,address=localhost:54766 -ea -Dfile.encoding=Cp1252 
java_command: org.testng.remote.RemoteTestNG -serport 54765 -protocol json -d C:\Users\smangal\git\Sightline_QA_Automation_POM\sightline\test-output C:\Users\smangal\AppData\Local\Temp\testng-eclipse-833633792\testng-customsuite.xml
java_class_path (initial): C:\Users\smangal\eclipse\java-2019-09\eclipse\configuration\org.eclipse.osgi\488\0\.cp\lib\testng-remote.jar;C:\Users\smangal\git\Sightline_QA_Automation_POM\sightline\target\test-classes;C:\Users\smangal\git\Sightline_QA_Automation_POM\sightline\target\classes;C:\Users\smangal\.m2\repository\junit\junit\3.8.1\junit-3.8.1.jar;C:\Users\smangal\.m2\repository\org\seleniumhq\selenium\selenium-java\3.4.0\selenium-java-3.4.0.jar;C:\Users\smangal\.m2\repository\org\seleniumhq\selenium\selenium-api\3.4.0\selenium-api-3.4.0.jar;C:\Users\smangal\.m2\repository\org\seleniumhq\selenium\selenium-chrome-driver\3.4.0\selenium-chrome-driver-3.4.0.jar;C:\Users\smangal\.m2\repository\org\seleniumhq\selenium\selenium-edge-driver\3.4.0\selenium-edge-driver-3.4.0.jar;C:\Users\smangal\.m2\repository\org\seleniumhq\selenium\selenium-firefox-driver\3.4.0\selenium-firefox-driver-3.4.0.jar;C:\Users\smangal\.m2\repository\org\seleniumhq\selenium\selenium-ie-driver\3.4.0\selenium-ie-driver-3.4.0.jar;C:\Users\smangal\.m2\repository\org\seleniumhq\selenium\selenium-opera-driver\3.4.0\selenium-opera-driver-3.4.0.jar;C:\Users\smangal\.m2\repository\org\seleniumhq\selenium\selenium-remote-driver\3.4.0\selenium-remote-driver-3.4.0.jar;C:\Users\smangal\.m2\repository\org\seleniumhq\selenium\selenium-safari-driver\3.4.0\selenium-safari-driver-3.4.0.jar;C:\Users\smangal\.m2\repository\org\seleniumhq\selenium\selenium-support\3.4.0\selenium-support-3.4.0.jar;C:\Users\smangal\.m2\repository\cglib\cglib-nodep\3.2.4\cglib-nodep-3.2.4.jar;C:\Users\smangal\.m2\repository\org\apache\commons\commons-exec\1.3\commons-exec-1.3.jar;C:\Users\smangal\.m2\repository\commons-codec\commons-codec\1.10\commons-codec-1.10.jar;C:\Users\smangal\.m2\repository\commons-io\commons-io\2.5\commons-io-2.5.jar;C:\Users\smangal\.m2\repository\commons-logging\commons-logging\1.2\commons-logging-1.2.jar;C:\Users\smangal\.m2\repository\org\w3c\css\sac\1.3\sac-1.3.jar;C:\Users\smangal\.m2\repository\net\s
Launcher Type: SUN_STANDARD

Environment Variables:
JAVA_HOME=C:\Program Files\Java\jdk1.8.0_181
CLASSPATH=.;JAVA_HOME\lib;
PATH=C:\Program Files\Java\jdk1.8.0_181\jre\bin;C:/Program Files/Java/jdk1.8.0_181/bin/../jre/bin/server;C:/Program Files/Java/jdk1.8.0_181/bin/../jre/bin;C:/Program Files/Java/jdk1.8.0_181/bin/../jre/lib/amd64;C:\Windows\system32;C:\Windows;C:\Windows\System32\Wbem;C:\Windows\System32\WindowsPowerShell\v1.0\;C:\Windows\System32\OpenSSH\;C:\Program Files\Intel\WiFi\bin\;C:\Program Files\Common Files\Intel\WirelessCommon\;C:\Program Files (x86)\Symantec\VIP Access Client\;C:\Program Files (x86)\Microsoft SQL Server\Client SDK\ODBC\130\Tools\Binn\;C:\Program Files (x86)\Microsoft SQL Server\140\Tools\Binn\;C:\Program Files (x86)\Microsoft SQL Server\140\DTS\Binn\;C:\Program Files (x86)\Microsoft SQL Server\140\Tools\Binn\ManagementStudio\;C:\Program Files\Java\jdk1.8.0_181\bin;C:\Program Files\dotnet\;C:\Program Files\Microsoft SQL Server\130\Tools\Binn\;C:\Program Files (x86)\Microsoft\Edge Beta\Application;C:\Users\smangal\AppData\Local\Microsoft\WindowsApps;;C:\Users\smangal\Desktop;
USERNAME=smangal
OS=Windows_NT
PROCESSOR_IDENTIFIER=Intel64 Family 6 Model 78 Stepping 3, GenuineIntel



---------------  S Y S T E M  ---------------

OS: Windows 10.0 , 64 bit Build 17134 (10.0.17134.753)

CPU:total 4 (initial active 4) (2 cores per cpu, 2 threads per core) family 6 model 78 stepping 3, cmov, cx8, fxsr, mmx, sse, sse2, sse3, ssse3, sse4.1, sse4.2, popcnt, avx, avx2, aes, clmul, erms, 3dnowpref, lzcnt, ht, tsc, tscinvbit, bmi1, bmi2, adx

Memory: 4k page, physical 7802680k(1492760k free), swap 22835244k(12230224k free)

vm_info: Java HotSpot(TM) 64-Bit Server VM (25.181-b13) for windows-amd64 JRE (1.8.0_181-b13), built on Jul  7 2018 04:01:33 by "java_re" with MS VC++ 10.0 (VS2010)

time: Wed Apr 22 14:05:11 2020
elapsed time: 1581 seconds (0d 0h 26m 21s)

